<?xml version="1.0" encoding="UTF-8"?>
<!-- Generated by org.testng.reporters.JUnitReportReporter -->
<testsuite skipped="0" hostname="ANITHA" name="Academy.validateTitle" tests="1" failures="0" timestamp="28 Jan 2018 23:01:35 GMT" time="24.403" errors="0">
  <testcase name="basePageNavigation" time="24.403" classname="Academy.validateTitle"/>
</testsuite> <!-- Academy.validateTitle -->
