<?xml version="1.0" encoding="UTF-8"?>
<!-- Generated by org.testng.reporters.JUnitReportReporter -->
<testsuite skipped="0" hostname="ANITHA" name="Academy.HomePage" tests="2" failures="0" timestamp="28 Jan 2018 22:36:01 GMT" time="31.210" errors="0">
  <testcase name="basePageNavigation" time="17.938" classname="Academy.HomePage"/>
  <testcase name="basePageNavigation" time="13.272" classname="Academy.HomePage"/>
</testsuite> <!-- Academy.HomePage -->
